This is pdfTeXk, Version 3.1415926-1.40.9 (Web2C 7.5.7) (format=pdflatex 2008.12.28)  13 DEC 2010 12:04
entering extended mode
 %&-line parsing enabled.
**RgoogleMaps-intro.tex
(./RgoogleMaps-intro.tex
LaTeX2e <2005/12/01>
Babel <v3.8l> and hyphenation patterns for english, usenglishmax, dumylang, noh
yphenation, german-x-2008-06-18, ngerman-x-2008-06-18, ancientgreek, ibycus, ar
abic, basque, bulgarian, catalan, pinyin, coptic, croatian, czech, danish, dutc
h, esperanto, estonian, farsi, finnish, french, galician, german, ngerman, mono
greek, greek, hungarian, icelandic, indonesian, interlingua, irish, italian, la
tin, lithuanian, mongolian, mongolian2a, bokmal, nynorsk, polish, portuguese, r
omanian, russian, sanskrit, serbian, slovak, slovenian, spanish, swedish, turki
sh, ukenglish, ukrainian, uppersorbian, welsh, loaded.
(/usr/local/texlive/2008/texmf-dist/tex/latex/base/article.cls
Document Class: article 2005/09/16 v1.4f Standard LaTeX document class
(/usr/local/texlive/2008/texmf-dist/tex/latex/base/size10.clo
File: size10.clo 2005/09/16 v1.4f Standard LaTeX file (size option)
)
\c@part=\count79
\c@section=\count80
\c@subsection=\count81
\c@subsubsection=\count82
\c@paragraph=\count83
\c@subparagraph=\count84
\c@figure=\count85
\c@table=\count86
\abovecaptionskip=\skip41
\belowcaptionskip=\skip42
\bibindent=\dimen102
)
(/usr/local/texlive/2008/texmf-dist/tex/latex/ltxmisc/url.sty
\Urlmuskip=\muskip10
Package: url 2006/04/12  ver 3.3  Verb mode for urls, etc.
)
(/usr/local/texlive/2008/texmf-dist/tex/latex/amsfonts/amsfonts.sty
Package: amsfonts 2001/10/25 v2.2f
\@emptytoks=\toks14
\symAMSa=\mathgroup4
\symAMSb=\mathgroup5
LaTeX Font Info:    Overwriting math alphabet `\mathfrak' in version `bold'
(Font)                  U/euf/m/n --> U/euf/b/n on input line 132.
)
(/usr/local/texlive/2008/texmf-dist/tex/latex/subfigure/subfigure.sty
Package: subfigure 2002/03/15 v2.1.5 subfigure package
\subfigtopskip=\skip43
\subfigcapskip=\skip44
\subfigcaptopadj=\dimen103
\subfigbottomskip=\skip45
\subfigcapmargin=\dimen104
\subfiglabelskip=\skip46
\c@subfigure=\count87
\c@lofdepth=\count88
\c@subtable=\count89
\c@lotdepth=\count90

****************************************
* Local config file subfigure.cfg used *
****************************************
(/usr/local/texlive/2008/texmf-dist/tex/latex/subfigure/subfigure.cfg)
\subfig@top=\skip47
\subfig@bottom=\skip48
)
(/usr/local/texlive/2008/texmf-dist/tex/latex/graphics/graphicx.sty
Package: graphicx 1999/02/16 v1.0f Enhanced LaTeX Graphics (DPC,SPQR)

(/usr/local/texlive/2008/texmf-dist/tex/latex/graphics/keyval.sty
Package: keyval 1999/03/16 v1.13 key=value parser (DPC)
\KV@toks@=\toks15
)
(/usr/local/texlive/2008/texmf-dist/tex/latex/graphics/graphics.sty
Package: graphics 2006/02/20 v1.0o Standard LaTeX Graphics (DPC,SPQR)

(/usr/local/texlive/2008/texmf-dist/tex/latex/graphics/trig.sty
Package: trig 1999/03/16 v1.09 sin cos tan (DPC)
)
(/usr/local/texlive/2008/texmf/tex/latex/config/graphics.cfg
File: graphics.cfg 2007/01/18 v1.5 graphics configuration of teTeX/TeXLive
)
Package graphics Info: Driver file: pdftex.def on input line 90.

(/usr/local/texlive/2008/texmf-dist/tex/latex/pdftex-def/pdftex.def
File: pdftex.def 2008/09/08 v0.04l Graphics/color for pdfTeX
\Gread@gobject=\count91
))
\Gin@req@height=\dimen105
\Gin@req@width=\dimen106
)
(./RgoogleMaps-intro.aux)
\openout1 = `RgoogleMaps-intro.aux'.

LaTeX Font Info:    Checking defaults for OML/cmm/m/it on input line 18.
LaTeX Font Info:    ... okay on input line 18.
LaTeX Font Info:    Checking defaults for T1/cmr/m/n on input line 18.
LaTeX Font Info:    ... okay on input line 18.
LaTeX Font Info:    Checking defaults for OT1/cmr/m/n on input line 18.
LaTeX Font Info:    ... okay on input line 18.
LaTeX Font Info:    Checking defaults for OMS/cmsy/m/n on input line 18.
LaTeX Font Info:    ... okay on input line 18.
LaTeX Font Info:    Checking defaults for OMX/cmex/m/n on input line 18.
LaTeX Font Info:    ... okay on input line 18.
LaTeX Font Info:    Checking defaults for U/cmr/m/n on input line 18.
LaTeX Font Info:    ... okay on input line 18.

(/usr/local/texlive/2008/texmf-dist/tex/context/base/supp-pdf.tex
[Loading MPS to PDF converter (version 2006.09.02).]
\scratchcounter=\count92
\scratchdimen=\dimen107
\scratchbox=\box26
\nofMPsegments=\count93
\nofMParguments=\count94
\everyMPshowfont=\toks16
\MPscratchCnt=\count95
\MPscratchDim=\dimen108
\MPnumerator=\count96
\everyMPtoPDFconversion=\toks17
)
LaTeX Font Info:    Try loading font information for U+msa on input line 28.
 (/usr/local/texlive/2008/texmf-dist/tex/latex/amsfonts/umsa.fd
File: umsa.fd 2002/01/19 v2.2g AMS font definitions
)
LaTeX Font Info:    Try loading font information for U+msb on input line 28.

(/usr/local/texlive/2008/texmf-dist/tex/latex/amsfonts/umsb.fd
File: umsb.fd 2002/01/19 v2.2g AMS font definitions
)
Overfull \hbox (31.45529pt too wide) in paragraph at lines 29--31
\OT1/cmr/m/n/10 The Google Static Maps API ($\OT1/cmtt/m/n/10 http : / / code .
 google . com / apis / maps / documentation /
 []

LaTeX Font Info:    Try loading font information for OMS+cmr on input line 37.
(/usr/local/texlive/2008/texmf-dist/tex/latex/base/omscmr.fd
File: omscmr.fd 1999/05/25 v2.5h Standard LaTeX font definitions
)
LaTeX Font Info:    Font shape `OMS/cmr/m/n' in size <10> not available
(Font)              Font shape `OMS/cmsy/m/n' tried instead on input line 37.

<MyTile1.jpg, id=1, 642.4pt x 642.4pt>
File: MyTile1.jpg Graphic file (type jpg)
 <use MyTile1.jpg>
<MyTile2.jpg, id=2, 642.4pt x 642.4pt>
File: MyTile2.jpg Graphic file (type jpg)
 <use MyTile2.jpg>
Overfull \hbox (2.22221pt too wide) in paragraph at lines 41--43
[][] [] 
 []

[1

{/usr/local/texlive/2008/texmf-var/fonts/map/pdftex/updmap/pdftex.map} <./MyTil
e1.jpg> <./MyTile2.jpg>]
Overfull \hbox (122.24593pt too wide) in paragraph at lines 52--52
[]  \OT1/cmtt/m/n/10 MyMap <- GetMap(markers = 'color:blue|label:S|40.702147,-7
4.015794&markers=color:green|[] 
 []


Overfull \hbox (53.99652pt too wide) in paragraph at lines 52--52
[]           \OT1/cmtt/m/n/10 label:G|40.711614,-74.012318&markers=color:red|co
lor:red|label:C|[] 
 []


Overfull \hbox (48.74657pt too wide) in paragraph at lines 61--61
[]  \OT1/cmtt/m/n/10 GetMap(center=c(40.714728,-73.99867), zoom =14, destfile =
 "MyTile2.png",[] 
 []


Overfull \hbox (90.7462pt too wide) in paragraph at lines 61--61
[]  \OT1/cmtt/m/n/10 bb <- qbbox(c(40.702147,40.711614,40.718217),c(-74.015794,
-74.012318,-73.998284),[] 
 []


Overfull \hbox (80.24629pt too wide) in paragraph at lines 61--61
[]            \OT1/cmtt/m/n/10 TYPE = "all", margin = list(m=rep(5,4), TYPE = c
("perc", "abs")[1]));[] 
 []


Overfull \hbox (116.99597pt too wide) in paragraph at lines 61--61
[]  \OT1/cmtt/m/n/10 MyMap <- GetMap.bbox(bb$lonR, bb$latR,destfile = "MyTile3.
png", maptype = "satellite")[] 
 []

<MyTile3.jpg, id=13, 642.4pt x 642.4pt>
File: MyTile3.jpg Graphic file (type jpg)
 <use MyTile3.jpg>
<OverlayTest.jpg, id=14, 642.4pt x 642.4pt>
File: OverlayTest.jpg Graphic file (type jpg)
 <use OverlayTest.jpg>
Overfull \hbox (2.22221pt too wide) in paragraph at lines 63--65
[][] [] 
 []


Overfull \hbox (75.99634pt too wide) in paragraph at lines 72--75
\OT1/cmtt/m/n/10 / / groups . google . com / group / Google-[]Maps-[]API / brow
se _ thread / thread / d2103ac29e95696f ?
 []

[2 <./MyTile3.jpg> <./OverlayTest.jpg>]
Overfull \hbox (32.9967pt too wide) in paragraph at lines 101--101
[]  \OT1/cmtt/m/n/10 mymarkers <- cbind.data.frame(lat = c(38.898648,38.889112,
 38.880940),[] 
 []


Overfull \hbox (85.49625pt too wide) in paragraph at lines 101--101
[]      \OT1/cmtt/m/n/10 lon = c(-77.037692, -77.050273, -77.03660), size =  c(
'tiny','tiny','tiny'),[] 
 []


Overfull \hbox (48.74657pt too wide) in paragraph at lines 101--101
[]  \OT1/cmtt/m/n/10 MyMap <- GetMap.bbox(bb$lonR, bb$latR, destfile = "DC.png"
, GRAYSCALE =T,[] 
 []


Overfull \hbox (74.99634pt too wide) in paragraph at lines 101--101
[]  \OT1/cmtt/m/n/10 tmp <- PlotOnStaticMap(MyMap,lat = mymarkers[,"lat"], lon 
= mymarkers[,"lon"],[] 
 []


Overfull \hbox (74.99634pt too wide) in paragraph at lines 101--101
[]  \OT1/cmtt/m/n/10 tmp <- PlotOnStaticMap(MyMap,lat = mymarkers[,"lat"], lon 
= mymarkers[,"lon"],[] 
 []


Overfull \hbox (22.4968pt too wide) in paragraph at lines 111--111
[]\OT1/cmtt/m/n/10 latR = c(40.33804,40.3556), scale = 7500, destfile = "Prince
ton.png");[] 
 []

<Princeton.png, id=19, 1680.2775pt x 1225.57875pt>
File: Princeton.png Graphic file (type png)
 <use Princeton.png> [3]
Overfull \hbox (43.49661pt too wide) in paragraph at lines 131--131
[]             \OT1/cmtt/m/n/10 lat=cosomap$POINTS$lat, pch=20,cex = .5,col='re
d',verbose=0);[] 
 []

<Coso.jpg, id=25, 642.4pt x 642.4pt>
File: Coso.jpg Graphic file (type jpg)
 <use Coso.jpg> [4 <./Princeton.png>]
[5 <./Coso.jpg>] [6] [7] (./RgoogleMaps-intro.aux) ) 
Here is how much of TeX's memory you used:
 1285 strings out of 493876
 16865 string characters out of 1150567
 67687 words of memory out of 3000000
 4564 multiletter control sequences out of 10000+50000
 11758 words of font info for 46 fonts, out of 3000000 for 5000
 714 hyphenation exceptions out of 8191
 25i,6n,24p,753b,238s stack positions out of 5000i,500n,10000p,200000b,50000s
</usr/local/texlive/2008/te
xmf-dist/fonts/type1/bluesky/cm/cmbx12.pfb></usr/local/texlive/2008/texmf-dist/
fonts/type1/bluesky/cm/cmex10.pfb></usr/local/texlive/2008/texmf-dist/fonts/typ
e1/bluesky/cm/cmmi10.pfb></usr/local/texlive/2008/texmf-dist/fonts/type1/bluesk
y/cm/cmmi7.pfb></usr/local/texlive/2008/texmf-dist/fonts/type1/bluesky/cm/cmr10
.pfb></usr/local/texlive/2008/texmf-dist/fonts/type1/bluesky/cm/cmr12.pfb></usr
/local/texlive/2008/texmf-dist/fonts/type1/bluesky/cm/cmr17.pfb></usr/local/tex
live/2008/texmf-dist/fonts/type1/bluesky/cm/cmr7.pfb></usr/local/texlive/2008/t
exmf-dist/fonts/type1/bluesky/cm/cmsy10.pfb></usr/local/texlive/2008/texmf-dist
/fonts/type1/bluesky/cm/cmsy7.pfb></usr/local/texlive/2008/texmf-dist/fonts/typ
e1/bluesky/cm/cmti10.pfb></usr/local/texlive/2008/texmf-dist/fonts/type1/bluesk
y/cm/cmti12.pfb></usr/local/texlive/2008/texmf-dist/fonts/type1/bluesky/cm/cmtt
10.pfb></usr/local/texlive/2008/texmf-dist/fonts/type1/bluesky/ams/msbm10.pfb>
Output written on RgoogleMaps-intro.pdf (7 pages, 1136321 bytes).
PDF statistics:
 90 PDF objects out of 1000 (max. 8388607)
 0 named destinations out of 1000 (max. 131072)
 31 words of extra memory for PDF output out of 10000 (max. 10000000)

